<?xml version="1.0" encoding="UTF-8"?>
<!-- Generated by org.testng.reporters.JUnitXMLReporter -->
<testsuite ignored="0" hostname="LTIN488142" failures="0" tests="6" name="Test" time="159.349" errors="0" timestamp="2024-04-02T11:47:34 IST">
  <testcase classname="testCases.TC_001_News_Around_Cognizant" name="validateUser" time="13.264"/>
  <testcase classname="testCases.TC_001_News_Around_Cognizant" name="validationOfAroundCognizant" time="3.062"/>
  <testcase classname="testCases.TC_001_News_Around_Cognizant" name="newsAroundCognizantFirstPage" time="0.642"/>
  <testcase classname="testCases.TC_001_News_Around_Cognizant" name="clickSeeAll" time="9.111"/>
  <testcase classname="testCases.TC_001_News_Around_Cognizant" name="SecondPage" time="5.127"/>
  <testcase classname="testCases.TC_001_News_Around_Cognizant" name="top5News" time="119.608"/>
</testsuite> <!-- Test -->
